2025-09-06 22:30:34 [Logger/constructor] [info]: Logger initialized successfully at ./core_logger\core_logger.log
[2025-09-06 22:30:34] [runSampler] [info]: === Starting IthacaCore Sampler System ===
[2025-09-06 22:30:34] [runSampler] [info]: Initializing main sampler coordinator
[2025-09-06 22:30:34] [runSampler] [info]: Creating main Sampler coordinator instance
[2025-09-06 22:30:34] [Sampler/constructor] [info]: Sampler main coordinator instance created
[2025-09-06 22:30:34] [Sampler/constructor] [info]: Initializing SamplerIO module
[2025-09-06 22:30:34] [SamplerIO/constructor] [info]: SamplerIO instance created
[2025-09-06 22:30:34] [Sampler/constructor] [info]: Sampler initialization completed successfully
[2025-09-06 22:30:34] [runSampler] [info]: Sample directory configured: c:\Users\jindr\AppData\Roaming\IthacaPlayer\instrument
[2025-09-06 22:30:34] [runSampler] [info]: === Starting sample loading phase ===
[2025-09-06 22:30:34] [Sampler/loadSamples] [info]: Delegating sample loading to SamplerIO module
[2025-09-06 22:30:34] [Sampler/loadSamples] [info]: Target directory: c:\Users\jindr\AppData\Roaming\IthacaPlayer\instrument
[2025-09-06 22:30:34] [SamplerIO/loadSamples] [info]: Starting sample loading process
[2025-09-06 22:30:34] [SamplerIO/loadSamples] [info]: Target directory: c:\Users\jindr\AppData\Roaming\IthacaPlayer\instrument
[2025-09-06 22:30:34] [SamplerIO/loadSamples] [info]: Directory validation completed successfully
[2025-09-06 22:30:34] [SamplerIO/loadSamples] [info]: Starting directory scan for WAV files
[2025-09-06 22:30:34] [SamplerIO/loadSamples] [info]: Loaded sample #1: m021-vel0-44.wav (MIDI: 21, Vel: 0, Freq: 44100 Hz)
[2025-09-06 22:30:34] [SamplerIO/loadSamples] [info]: Loaded sample #2: m021-vel0-48.wav (MIDI: 21, Vel: 0, Freq: 48000 Hz)
[2025-09-06 22:30:34] [SamplerIO/loadSamples] [info]: Loaded sample #3: m021-vel1-44.wav (MIDI: 21, Vel: 1, Freq: 44100 Hz)
[2025-09-06 22:30:34] [SamplerIO/loadSamples] [info]: Loaded sample #4: m021-vel1-48.wav (MIDI: 21, Vel: 1, Freq: 48000 Hz)
[2025-09-06 22:30:34] [SamplerIO/loadSamples] [info]: Loaded sample #5: m021-vel2-44.wav (MIDI: 21, Vel: 2, Freq: 44100 Hz)
[2025-09-06 22:30:34] [SamplerIO/loadSamples] [info]: Loaded sample #6: m021-vel2-48.wav (MIDI: 21, Vel: 2, Freq: 48000 Hz)
[2025-09-06 22:30:34] [SamplerIO/loadSamples] [info]: Loaded sample #7: m021-vel3-44.wav (MIDI: 21, Vel: 3, Freq: 44100 Hz)
[2025-09-06 22:30:34] [SamplerIO/loadSamples] [info]: Loaded sample #8: m021-vel3-48.wav (MIDI: 21, Vel: 3, Freq: 48000 Hz)
[2025-09-06 22:30:34] [SamplerIO/loadSamples] [info]: Loaded sample #9: m021-vel4-44.wav (MIDI: 21, Vel: 4, Freq: 44100 Hz)
[2025-09-06 22:30:34] [SamplerIO/loadSamples] [info]: Loaded sample #10: m021-vel4-48.wav (MIDI: 21, Vel: 4, Freq: 48000 Hz)
[2025-09-06 22:30:34] [SamplerIO/loadSamples] [info]: Loaded sample #100: m027-vel1-48.wav (MIDI: 27, Vel: 1, Freq: 48000 Hz)
[2025-09-06 22:30:34] [SamplerIO/loadSamples] [info]: Loaded sample #200: m033-vel3-48.wav (MIDI: 33, Vel: 3, Freq: 48000 Hz)
[2025-09-06 22:30:34] [SamplerIO/loadSamples] [info]: Loaded sample #300: m039-vel5-48.wav (MIDI: 39, Vel: 5, Freq: 48000 Hz)
[2025-09-06 22:30:34] [SamplerIO/loadSamples] [info]: Loaded sample #400: m045-vel7-48.wav (MIDI: 45, Vel: 7, Freq: 48000 Hz)
[2025-09-06 22:30:34] [SamplerIO/loadSamples] [info]: Loaded sample #500: m052-vel1-48.wav (MIDI: 52, Vel: 1, Freq: 48000 Hz)
[2025-09-06 22:30:34] [SamplerIO/loadSamples] [info]: Loaded sample #600: m058-vel3-48.wav (MIDI: 58, Vel: 3, Freq: 48000 Hz)
[2025-09-06 22:30:34] [SamplerIO/loadSamples] [info]: Loaded sample #700: m064-vel5-48.wav (MIDI: 64, Vel: 5, Freq: 48000 Hz)
[2025-09-06 22:30:35] [SamplerIO/loadSamples] [info]: Loaded sample #800: m070-vel7-48.wav (MIDI: 70, Vel: 7, Freq: 48000 Hz)
[2025-09-06 22:30:35] [SamplerIO/loadSamples] [info]: Loaded sample #900: m077-vel1-48.wav (MIDI: 77, Vel: 1, Freq: 48000 Hz)
[2025-09-06 22:30:35] [SamplerIO/loadSamples] [info]: Loaded sample #1000: m083-vel3-48.wav (MIDI: 83, Vel: 3, Freq: 48000 Hz)
[2025-09-06 22:30:35] [SamplerIO/loadSamples] [info]: Loaded sample #1100: m089-vel5-48.wav (MIDI: 89, Vel: 5, Freq: 48000 Hz)
[2025-09-06 22:30:35] [SamplerIO/loadSamples] [info]: Loaded sample #1200: m095-vel7-48.wav (MIDI: 95, Vel: 7, Freq: 48000 Hz)
[2025-09-06 22:30:35] [SamplerIO/loadSamples] [info]: Loaded sample #1300: m102-vel1-48.wav (MIDI: 102, Vel: 1, Freq: 48000 Hz)
[2025-09-06 22:30:35] [SamplerIO/loadSamples] [info]: Loaded sample #1400: m108-vel3-48.wav (MIDI: 108, Vel: 3, Freq: 48000 Hz)
[2025-09-06 22:30:35] [SamplerIO/loadSamples] [info]: === Sample loading completed ===
[2025-09-06 22:30:35] [SamplerIO/loadSamples] [info]: Total files scanned: 1408
[2025-09-06 22:30:35] [SamplerIO/loadSamples] [info]: Successfully loaded: 1408 valid samples
[2025-09-06 22:30:35] [SamplerIO/loadSamples] [info]: Skipped files: 0
[2025-09-06 22:30:35] [SamplerIO/loadSamples] [info]: Sample library size: 1408 samples
[2025-09-06 22:30:35] [Sampler/loadSamples] [info]: Sample loading delegation completed successfully
[2025-09-06 22:30:35] [Sampler/getSampleList] [info]: Delegating sample list access to SamplerIO module
[2025-09-06 22:30:35] [SamplerIO/getSampleList] [info]: Returning sample list with 1408 samples
[2025-09-06 22:30:35] [runSampler] [info]: === Sample loading phase completed ===
[2025-09-06 22:30:35] [runSampler] [info]: Total samples loaded into system: 1408
[2025-09-06 22:30:35] [runSampler] [info]: === Starting sample search system testing ===
[2025-09-06 22:30:35] [runSampler] [info]: Executing test search for MIDI=108, Velocity=7
[2025-09-06 22:30:35] [Sampler/findSample] [info]: Delegating sample search to SamplerIO module
[2025-09-06 22:30:35] [SamplerIO/findSample] [info]: Searching for sample: MIDI=108, Velocity=7
[2025-09-06 22:30:35] [SamplerIO/findSample] [info]: Sample found at index 1406: c:\Users\jindr\AppData\Roaming\IthacaPlayer\instrument\m108-vel7-44.wav
[2025-09-06 22:30:35] [Sampler/findSample] [info]: Sample search delegation completed
[2025-09-06 22:30:35] [runSampler/searchTest] [info]: Search system working correctly! Found sample: c:\Users\jindr\AppData\Roaming\IthacaPlayer\instrument\m108-vel7-44.wav | Sample rate: 44100 Hz | Library position: 1406
[2025-09-06 22:30:35] [runSampler/searchTest] [info]: Sample verification - MIDI: 108, Velocity: 7
[2025-09-06 22:30:35] [runSampler] [info]: === Search system testing completed ===
[2025-09-06 22:30:35] [runSampler] [info]: === IthacaCore Sampler System completed successfully ===
[2025-09-06 22:30:35] [runSampler] [info]: All modules operational - system ready for use
[2025-09-06 22:30:35] [Sampler/destructor] [info]: Sampler coordinator instance being destroyed
[2025-09-06 22:30:35] [Sampler/destructor] [info]: All sub-modules cleaned up successfully
[2025-09-06 22:30:35] [SamplerIO/destructor] [info]: SamplerIO instance destroyed. Final sample count: 1408
